c:\users\thesis\dropbox\visual studio 2015\projects\k-svd\k-svd\x64\debug\cudaalgorithm.cu.cache
c:\users\thesis\dropbox\visual studio 2015\projects\k-svd\k-svd\x64\debug\devicememory.cu.cache
c:\users\thesis\dropbox\visual studio 2015\projects\k-svd\k-svd\x64\debug\dictionaryupdate.cu.cache
c:\users\thesis\dropbox\visual studio 2015\projects\k-svd\k-svd\x64\debug\errorhandler.cu.cache
c:\users\thesis\dropbox\visual studio 2015\projects\k-svd\k-svd\x64\debug\filemanager.cu.cache
c:\users\thesis\dropbox\visual studio 2015\projects\k-svd\k-svd\x64\debug\hostmemory.cu.cache
c:\users\thesis\dropbox\visual studio 2015\projects\k-svd\k-svd\x64\debug\ksvd.cu.cache
c:\users\thesis\dropbox\visual studio 2015\projects\k-svd\k-svd\x64\debug\main.cu.cache
c:\users\thesis\dropbox\visual studio 2015\projects\k-svd\k-svd\x64\debug\omp.cu.cache
c:\users\thesis\dropbox\visual studio 2015\projects\k-svd\k-svd\x64\debug\thrustoperators.cu.cache
c:\users\thesis\dropbox\visual studio 2015\projects\k-svd\k-svd\x64\debug\timer.cu.cache
c:\users\thesis\dropbox\visual studio 2015\projects\k-svd\k-svd\x64\debug\utilities.cu.cache
c:\users\thesis\dropbox\visual studio 2015\projects\k-svd\k-svd\x64\debug\cudaalgorithm.cu.obj
c:\users\thesis\dropbox\visual studio 2015\projects\k-svd\k-svd\x64\debug\dictionaryupdate.cu.obj
c:\users\thesis\dropbox\visual studio 2015\projects\k-svd\k-svd\x64\debug\errorhandler.cu.obj
c:\users\thesis\dropbox\visual studio 2015\projects\k-svd\k-svd\x64\debug\filemanager.cu.obj
c:\users\thesis\dropbox\visual studio 2015\projects\k-svd\k-svd\x64\debug\ksvd.cu.obj
c:\users\thesis\dropbox\visual studio 2015\projects\k-svd\k-svd\x64\debug\omp.cu.obj
c:\users\thesis\dropbox\visual studio 2015\projects\k-svd\k-svd\x64\debug\timer.cu.obj
c:\users\thesis\dropbox\visual studio 2015\projects\k-svd\k-svd\x64\debug\utilities.cu.obj
