c:\users\thesis\dropbox\visual studio 2015\projects\k-svd\k-svd\x64\release\vc140.pdb
c:\users\thesis\dropbox\visual studio 2015\projects\k-svd\k-svd\x64\release\globals.obj
c:\users\thesis\dropbox\visual studio 2015\projects\k-svd\x64\release\k-svd.exe
c:\users\thesis\dropbox\visual studio 2015\projects\k-svd\x64\release\k-svd.pdb
c:\users\thesis\dropbox\visual studio 2015\projects\k-svd\k-svd\x64\release\cudaalgorithm.cu.cache
c:\users\thesis\dropbox\visual studio 2015\projects\k-svd\k-svd\x64\release\devicememory.cu.cache
c:\users\thesis\dropbox\visual studio 2015\projects\k-svd\k-svd\x64\release\dictionaryupdate.cu.cache
c:\users\thesis\dropbox\visual studio 2015\projects\k-svd\k-svd\x64\release\errorhandler.cu.cache
c:\users\thesis\dropbox\visual studio 2015\projects\k-svd\k-svd\x64\release\filemanager.cu.cache
c:\users\thesis\dropbox\visual studio 2015\projects\k-svd\k-svd\x64\release\hostmemory.cu.cache
c:\users\thesis\dropbox\visual studio 2015\projects\k-svd\k-svd\x64\release\ksvd.cu.cache
c:\users\thesis\dropbox\visual studio 2015\projects\k-svd\k-svd\x64\release\main.cu.cache
c:\users\thesis\dropbox\visual studio 2015\projects\k-svd\k-svd\x64\release\multiplication.cu.cache
c:\users\thesis\dropbox\visual studio 2015\projects\k-svd\k-svd\x64\release\omp.cu.cache
c:\users\thesis\dropbox\visual studio 2015\projects\k-svd\k-svd\x64\release\randpermutation.cu.cache
c:\users\thesis\dropbox\visual studio 2015\projects\k-svd\k-svd\x64\release\reduction.cu.cache
c:\users\thesis\dropbox\visual studio 2015\projects\k-svd\k-svd\x64\release\reductionkernels.cu.cache
c:\users\thesis\dropbox\visual studio 2015\projects\k-svd\k-svd\x64\release\thrustoperators.cu.cache
c:\users\thesis\dropbox\visual studio 2015\projects\k-svd\k-svd\x64\release\timer.cu.cache
c:\users\thesis\dropbox\visual studio 2015\projects\k-svd\k-svd\x64\release\utilities.cu.cache
c:\users\thesis\dropbox\visual studio 2015\projects\k-svd\k-svd\x64\release\cudaalgorithm.cu.obj
c:\users\thesis\dropbox\visual studio 2015\projects\k-svd\k-svd\x64\release\dictionaryupdate.cu.obj
c:\users\thesis\dropbox\visual studio 2015\projects\k-svd\k-svd\x64\release\errorhandler.cu.obj
c:\users\thesis\dropbox\visual studio 2015\projects\k-svd\k-svd\x64\release\filemanager.cu.obj
c:\users\thesis\dropbox\visual studio 2015\projects\k-svd\k-svd\x64\release\k-svd.device-link.obj
c:\users\thesis\dropbox\visual studio 2015\projects\k-svd\k-svd\x64\release\ksvd.cu.obj
c:\users\thesis\dropbox\visual studio 2015\projects\k-svd\k-svd\x64\release\main.cu.obj
c:\users\thesis\dropbox\visual studio 2015\projects\k-svd\k-svd\x64\release\multiplication.cu.obj
c:\users\thesis\dropbox\visual studio 2015\projects\k-svd\k-svd\x64\release\omp.cu.obj
c:\users\thesis\dropbox\visual studio 2015\projects\k-svd\k-svd\x64\release\randpermutation.cu.obj
c:\users\thesis\dropbox\visual studio 2015\projects\k-svd\k-svd\x64\release\reduction.cu.obj
c:\users\thesis\dropbox\visual studio 2015\projects\k-svd\k-svd\x64\release\reductionkernels.cu.obj
c:\users\thesis\dropbox\visual studio 2015\projects\k-svd\k-svd\x64\release\timer.cu.obj
c:\users\thesis\dropbox\visual studio 2015\projects\k-svd\k-svd\x64\release\utilities.cu.obj
c:\users\thesis\dropbox\visual studio 2015\projects\k-svd\k-svd\x64\release\k-svd.tlog\cl.command.1.tlog
c:\users\thesis\dropbox\visual studio 2015\projects\k-svd\k-svd\x64\release\k-svd.tlog\cl.read.1.tlog
c:\users\thesis\dropbox\visual studio 2015\projects\k-svd\k-svd\x64\release\k-svd.tlog\cl.write.1.tlog
c:\users\thesis\dropbox\visual studio 2015\projects\k-svd\k-svd\x64\release\k-svd.tlog\link.command.1.tlog
c:\users\thesis\dropbox\visual studio 2015\projects\k-svd\k-svd\x64\release\k-svd.tlog\link.read.1.tlog
c:\users\thesis\dropbox\visual studio 2015\projects\k-svd\k-svd\x64\release\k-svd.tlog\link.write.1.tlog
